have_header: checking for ruby.h... -------------------- yes

"gcc -o conftest -IE:/libs/Ruby/include/ruby-1.9.1/i386-mingw32 -IE:/libs/Ruby/include/ruby-1.9.1/ruby/backward -IE:/libs/Ruby/include/ruby-1.9.1 -I.     -O2 -g -Wall -Wno-parentheses  conftest.c  -L. -LE:/libs/Ruby/lib -L.      -lmsvcrt-ruby191-static  -lshell32 -lws2_32  "
checked program was:
/* begin */
1: #include "ruby.h"
2: 
3: #include <winsock2.h>
4: #include <windows.h>
5: int main() {return 0;}
/* end */

"gcc -E -IE:/libs/Ruby/include/ruby-1.9.1/i386-mingw32 -IE:/libs/Ruby/include/ruby-1.9.1/ruby/backward -IE:/libs/Ruby/include/ruby-1.9.1 -I.     -O2 -g -Wall -Wno-parentheses   conftest.c -o conftest.i"
checked program was:
/* begin */
1: #include "ruby.h"
2: 
3: #include <winsock2.h>
4: #include <windows.h>
5: #include <ruby.h>
/* end */

--------------------

